0 info it worked if it ends with ok
1 verbose cli [ '/usr/bin/node', '/usr/bin/npm', 'run', 'app' ]
2 info using npm@3.5.2
3 info using node@v6.11.4
4 verbose run-script [ 'preapp', 'app', 'postapp' ]
5 info lifecycle enventlyApp@~preapp: enventlyApp@
6 silly lifecycle enventlyApp@~preapp: no script for preapp, continuing
7 info lifecycle enventlyApp@~app: enventlyApp@
8 verbose lifecycle enventlyApp@~app: unsafe-perm in lifecycle true
9 verbose lifecycle enventlyApp@~app: PATH: /usr/share/npm/bin/node-gyp-bin:/home/deligence/1febClone/envent.ly/envently_adminApp/node_modules/.bin:/usr/local/sbin:/usr/local/bin:/usr/sbin:/usr/bin:/sbin:/bin:/usr/games:/usr/local/games:/snap/bin
10 verbose lifecycle enventlyApp@~app: CWD: /home/deligence/1febClone/envent.ly/envently_adminApp
11 silly lifecycle enventlyApp@~app: Args: [ '-c', 'meteor --settings settings.json' ]
12 silly lifecycle enventlyApp@~app: Returned: code: 254  signal: null
13 info lifecycle enventlyApp@~app: Failed to exec app script
14 verbose stack Error: enventlyApp@ app: `meteor --settings settings.json`
14 verbose stack Exit status 254
14 verbose stack     at EventEmitter.<anonymous> (/usr/share/npm/lib/utils/lifecycle.js:232:16)
14 verbose stack     at emitTwo (events.js:106:13)
14 verbose stack     at EventEmitter.emit (events.js:191:7)
14 verbose stack     at ChildProcess.<anonymous> (/usr/share/npm/lib/utils/spawn.js:24:14)
14 verbose stack     at emitTwo (events.js:106:13)
14 verbose stack     at ChildProcess.emit (events.js:191:7)
14 verbose stack     at maybeClose (internal/child_process.js:920:16)
14 verbose stack     at Process.ChildProcess._handle.onexit (internal/child_process.js:230:5)
15 verbose pkgid enventlyApp@
16 verbose cwd /home/deligence/1febClone/envent.ly/envently_adminApp
17 error Linux 4.13.0-38-generic
18 error argv "/usr/bin/node" "/usr/bin/npm" "run" "app"
19 error node v6.11.4
20 error npm  v3.5.2
21 error code ELIFECYCLE
22 error enventlyApp@ app: `meteor --settings settings.json`
22 error Exit status 254
23 error Failed at the enventlyApp@ app script 'meteor --settings settings.json'.
23 error Make sure you have the latest version of node.js and npm installed.
23 error If you do, this is most likely a problem with the enventlyApp package,
23 error not with npm itself.
23 error Tell the author that this fails on your system:
23 error     meteor --settings settings.json
23 error You can get information on how to open an issue for this project with:
23 error     npm bugs enventlyApp
23 error Or if that isn't available, you can get their info via:
23 error     npm owner ls enventlyApp
23 error There is likely additional logging output above.
24 verbose exit [ 1, true ]
